ID+PW+EMAIL+TIME
admin+5f7cb0bbd9a4cf35a6da043de34edae9d2c4788a4b5c38714b3da08eb3e6fa3a+dmg04023@dmg04023+2017-12-04 22:54:05
hsi2557+ef797c8118f02dfb649607dd5d3f8c7623048c9c063d532cc95c5ed7a898a64f+hsi6442@naver.com+2017-12-06 12:52:00
moft+43708c0f586de6bbf8285b7bf674cc21a2add62f6dcd3e3f48efba239c01b203+dmg00235@sadfa+2017-12-06 12:57:11
ryujinnokenokurae+e99ccc465f47bb5894cd72a5b9f14e59030c00cb1c24a49a592217d4f96c5a5c+123@gmail.com+2017-12-06 14:58:49
kjka111+75f7dbbc9d031b98ee7aeabd1e12653616e9eccfb8aaf850ef0fcd3cbf3de6c7+kjka111@naver.com+2017-12-13 17:02:51
12345+ef797c8118f02dfb649607dd5d3f8c7623048c9c063d532cc95c5ed7a898a64f+12345678+2017-12-27 16:25:28
12345678+ef797c8118f02dfb649607dd5d3f8c7623048c9c063d532cc95c5ed7a898a64f+87654321+2017-12-27 17:16:48
klo87+9d996f8ae0b3b576e94081634734ba71af32cb9343ac4a7bd85c13e885e3d8db+klo87@gmail.co.kr+2017-12-27 18:53:04
happydpqhs+b5d867b00f1a59529eca08d3354e0267ba5d153329ead90769f682429ab1472d+happydpqhs@naver.com+2017-12-27 18:53:35
vdn1030+6630f4c6c8ef4a74d477efddd4311f871758c36ed0fa0e325e3680ec6c8f2894+ayoung44713@gmail.com+2017-12-27 20:05:38
codms8606+0ceedd4cc8fc892a46d9f48f009f7806ec6a3bbd7409787d2808d1829c05a5cb+codms8606@naver.com+2017-12-27 23:10:35
lis16115091+ccb320750141c034f2b7b765526475d1eef93e3914e24bf5266d5bf476d42816+hyj9785@naver.com+2017-12-28 00:26:09
nzzzz+72ab994fa2eb426c051ef59cad617750bfe06d7cf6311285ff79c19c32afd236+axdgn3@nate.com+2017-12-28 15:17:23
kwonej17+2e06d4d58006dd575764d8e348c653397cd2c33288d4fad146555ae04291824c+kwonej17@knu.ac.kr+2017-12-29 12:17:58
16113171+f47b70c193580eb9d2d8243bcafff0a6ca2c7be411423171dc1cd9a2db8ffedc+minj_0325@naver.com+2017-12-29 16:06:33
uoosyn10+45ac5ed0c11c1032e42493610e6483ea06c3761bc7686064fc0f05a0628bfbe8+ysyys0105@naver.com+2017-12-29 17:17:50
who317+fc180d41e6da8de2d1ea11af8d9cace8350e92e1b0e5383cd76ec9bde4cde7fb+whwh713@naver.com+2017-12-29 19:29:49
noo0u+e3e93b60bd722ced25a041f65afd4e396e2bafe57e0c3de0c8b6b0aa8b054506+,nz0353+2018-01-05 16:59:28
te03022+e658062ef5111f34ddbc6bc2b4305da09d628b8e32ca89e0c270e99f929892dc+te03022@naver.com+2018-01-08 12:41:32
Sh2012+188f7038ab249aae1149d4499bcaaba9116a76cd62c1035f6767cedee5239199+soqlentpdy@naver.com+2018-01-24 14:36:37
titi_96+d97b5ed38cc7be29290bcf6c987734bb60ee05bfa29a4808f67eed8c656966a3+titi_96@naver.com+2018-02-10 21:41:09
asdfasdf+2413fb3709b05939f04cf2e92f7d0897fc2596f9ad0b8a9ea855c7bfebaae892+asdfasdf+2018-11-07 17:20:31
asdf+2413fb3709b05939f04cf2e92f7d0897fc2596f9ad0b8a9ea855c7bfebaae892+asdf+2018-11-19 15:46:01
16114629+47b124c17907cd3d8ddc960a496aaec83d8fae654d87df25dea8678ad5808651+happydpqhs@gmail.com+2019-06-01 19:57:56
